[2024-01-15T13:30:39.008] [WARN] warn - GET /products/65417d58a58ef22c0993afd8/jajaja - Route not found
[2024-01-15T13:30:48.141] [WARN] warn - GET /products/65417d58a58ef22c0993afd8/CACA - Route not found
[2024-01-15T13:30:50.164] [WARN] warn - GET /products/65417d58a58ef22c0993afd8/CACA - Route not found
[2024-01-15T13:30:52.653] [WARN] warn - GET /products/65417d58a58ef22c0993afd8/CACA - Route not found
[2024-01-15T13:30:58.630] [WARN] warn - GET /socket.io/socket.io.js - Route not found
[2024-01-15T13:30:58.632] [WARN] warn - GET /src/public/js/addProduct.js - Route not found
[2024-01-15T13:31:14.639] [WARN] warn - GET /socket.io/socket.io.js - Route not found
[2024-01-15T13:31:14.645] [WARN] warn - GET /src/public/js/addProduct.js - Route not found
[2024-01-15T20:35:30.494] [WARN] warn - GET /login - Route not found
[2024-01-15T20:35:31.439] [WARN] warn - GET /login - Route not found
[2024-01-15T20:35:42.147] [WARN] warn - GET /signup - Route not found
[2024-01-15T20:36:11.773] [WARN] warn - GET /api/sessions/login - Route not found
[2024-01-15T20:36:36.416] [WARN] warn - GET /login - Route not found
[2024-01-15T20:36:37.595] [WARN] warn - GET /login - Route not found
[2024-01-15T20:36:38.967] [WARN] warn - GET /login - Route not found
[2024-01-15T20:37:44.544] [WARN] warn - GET /login - Route not found
[2024-01-15T20:38:05.828] [WARN] warn - GET /login - Route not found
[2024-01-15T20:38:09.017] [WARN] warn - GET /login/jaja - Route not found
[2024-01-15T20:38:11.695] [WARN] warn - GET /login - Route not found
[2024-01-15T20:38:12.835] [WARN] warn - GET /login - Route not found
[2024-01-15T20:38:15.495] [WARN] warn - GET /login - Route not found
[2024-01-15T20:38:38.808] [WARN] warn - GET /login - Route not found
[2024-01-15T20:39:06.504] [WARN] warn - GET /login - Route not found
[2024-01-15T20:39:15.118] [WARN] warn - GET /login - Route not found
[2024-01-15T20:40:09.427] [WARN] warn - GET /login - Route not found
[2024-01-15T20:40:10.431] [WARN] warn - GET /login - Route not found
[2024-01-15T20:40:11.356] [WARN] warn - GET /login - Route not found
[2024-01-15T20:41:02.527] [WARN] warn - GET /login - Route not found
[2024-01-15T20:41:04.569] [WARN] warn - GET /login - Route not found
[2024-01-15T20:41:05.315] [WARN] warn - GET /login - Route not found
[2024-01-15T20:42:09.409] [WARN] warn - GET /login - Route not found
[2024-01-15T20:42:10.664] [WARN] warn - GET /login - Route not found
[2024-01-15T20:43:17.036] [WARN] warn - GET //login - Route not found
[2024-01-15T20:43:25.999] [WARN] warn - GET /login - Route not found
[2024-01-15T20:43:29.520] [WARN] warn - GET /login - Route not found
[2024-01-15T20:45:08.312] [WARN] warn - GET /login - Route not found
[2024-01-15T20:45:09.244] [WARN] warn - GET /login - Route not found
[2024-01-15T20:45:10.073] [WARN] warn - GET /login - Route not found
[2024-01-15T20:58:30.534] [WARN] warn - GET /login/jaja - Route not found
[2024-01-15T20:58:44.622] [WARN] warn - GET /api/agentes/ - Route not found
[2024-01-15T21:01:42.665] [WARN] warn - POST /api/sessions/login 401
[2024-01-15T21:02:53.929] [WARN] warn - GET /src/public/js/addProduct.js - Route not found
[2024-01-15T21:02:53.933] [WARN] warn - GET /socket.io/socket.io.js - Route not found
[2024-01-15T21:04:03.173] [WARN] warn - GET /public/js/addProduct.js - Route not found
[2024-01-15T21:04:03.175] [WARN] warn - GET /socket.io/socket.io.js - Route not found
[2024-01-15T21:04:07.104] [WARN] warn - GET /socket.io/socket.io.js - Route not found
[2024-01-15T21:04:07.110] [WARN] warn - GET /public/js/addProduct.js - Route not found
[2024-01-15T21:04:08.976] [WARN] warn - GET /socket.io/socket.io.js - Route not found
[2024-01-15T21:04:08.979] [WARN] warn - GET /public/js/addProduct.js - Route not found
[2024-01-15T21:04:19.468] [WARN] warn - GET /socket.io/socket.io.js - Route not found
[2024-01-15T21:04:19.473] [WARN] warn - GET /public/js/addProduct.js - Route not found
[2024-01-15T21:04:39.470] [WARN] warn - GET /socket.io/socket.io.js - Route not found
[2024-01-15T21:04:41.904] [WARN] warn - GET /socket.io/socket.io.js - Route not found
[2024-01-15T21:07:14.563] [WARN] warn - GET /socket.io/socket.io.js - Route not found
[2024-01-15T21:07:14.565] [WARN] warn - GET /products/src/public/js/addProduct.js - Route not found
[2024-01-15T21:07:27.623] [WARN] warn - GET /socket.io/socket.io.js - Route not found
[2024-01-15T21:07:27.625] [WARN] warn - GET /products/src/public/js/addProduct.js - Route not found
[2024-01-15T21:07:44.305] [WARN] warn - GET /products/src/public/js/addProduct.js - Route not found
[2024-01-15T21:07:44.307] [WARN] warn - GET /socket.io/socket.io.js - Route not found
[2024-01-15T21:07:59.723] [WARN] warn - GET /socket.io/socket.io.js - Route not found
[2024-01-15T21:07:59.724] [WARN] warn - GET /products/src/public/js/addProduct.js - Route not found
[2024-01-15T21:08:29.807] [WARN] warn - GET /products/public/js/addProduct.js - Route not found
[2024-01-15T21:08:29.809] [WARN] warn - GET /socket.io/socket.io.js - Route not found
[2024-01-15T21:09:19.649] [WARN] warn - GET /socket.io/socket.io.js - Route not found
[2024-01-15T21:18:37.121] [WARN] warn - GET /public/js/addProduct.js - Route not found
[2024-01-15T21:18:39.597] [WARN] warn - GET /public/js/addProduct.js - Route not found
[2024-01-15T21:18:40.863] [WARN] warn - GET /public/js/addProduct.js - Route not found
[2024-01-15T21:19:21.396] [WARN] warn - GET /src/public/js/addProduct.js - Route not found
